{"level":"info","message":"Process pid: 6420","timestamp":"22/07/2022 15:37:44"}
{"level":"info","message":"Banco de dados conectado com sucesso.","timestamp":"22/07/2022 15:37:49"}
{"level":"info","message":"Aplicação iniciada com sucesso.","timestamp":"22/07/2022 15:37:49"}
{"level":"info","message":"Integration online, port: 3001","timestamp":"22/07/2022 15:37:49"}
{"level":"info","message":"Process pid: 9156","timestamp":"23/07/2022 07:17:25"}
{"level":"info","message":"Banco de dados conectado com sucesso.","timestamp":"23/07/2022 07:17:25"}
{"level":"info","message":"Aplicação iniciada com sucesso.","timestamp":"23/07/2022 07:17:25"}
{"level":"info","message":"Integration online, port: 3001","timestamp":"23/07/2022 07:17:25"}
{"level":"info","message":"Process pid: 9175","timestamp":"23/07/2022 07:19:18"}
{"level":"info","message":"Banco de dados conectado com sucesso.","timestamp":"23/07/2022 07:19:18"}
{"level":"info","message":"Aplicação iniciada com sucesso.","timestamp":"23/07/2022 07:19:18"}
{"level":"info","message":"Integration online, port: 3001","timestamp":"23/07/2022 07:19:18"}
{"level":"info","message":"Process pid: 9211","timestamp":"23/07/2022 07:22:11"}
{"level":"info","message":"Banco de dados conectado com sucesso.","timestamp":"23/07/2022 07:22:11"}
{"level":"info","message":"Aplicação iniciada com sucesso.","timestamp":"23/07/2022 07:22:11"}
{"level":"info","message":"Integration online, port: 3001","timestamp":"23/07/2022 07:22:11"}
{"level":"info","message":"Process pid: 9235","timestamp":"23/07/2022 07:22:55"}
{"level":"info","message":"Banco de dados conectado com sucesso.","timestamp":"23/07/2022 07:22:56"}
{"level":"info","message":"Aplicação iniciada com sucesso.","timestamp":"23/07/2022 07:22:56"}
{"level":"info","message":"Process pid: 9307","timestamp":"23/07/2022 07:25:09"}
{"level":"info","message":"Banco de dados conectado com sucesso.","timestamp":"23/07/2022 07:25:10"}
{"level":"info","message":"Aplicação iniciada com sucesso. Porta:3001","timestamp":"23/07/2022 07:25:10"}
{"level":"info","message":"Process pid: 9328","timestamp":"23/07/2022 07:25:52"}
{"level":"info","message":"Banco de dados conectado com sucesso.","timestamp":"23/07/2022 07:25:53"}
{"level":"info","message":"Aplicação iniciada com sucesso. Porta:3001","timestamp":"23/07/2022 07:25:53"}
{"level":"info","message":"Process pid: 9417","timestamp":"23/07/2022 07:27:01"}
{"level":"info","message":"Banco de dados conectado com sucesso.","timestamp":"23/07/2022 07:27:02"}
{"level":"info","message":"Aplicação iniciada com sucesso. Porta:3001","timestamp":"23/07/2022 07:27:02"}
{"level":"info","message":"Process pid: 9451","timestamp":"23/07/2022 07:27:45"}
{"level":"info","message":"Banco de dados conectado com sucesso.","timestamp":"23/07/2022 07:27:45"}
{"level":"info","message":"Process pid: 9473","timestamp":"23/07/2022 07:28:09"}
{"level":"info","message":"Banco de dados conectado com sucesso.","timestamp":"23/07/2022 07:28:10"}
{"level":"info","message":"Aplicação iniciada com sucesso. Porta:3001","timestamp":"23/07/2022 07:28:10"}
{"level":"info","message":"Process pid: 9713","timestamp":"23/07/2022 07:35:39"}
{"level":"info","message":"Banco de dados conectado com sucesso.","timestamp":"23/07/2022 07:35:40"}
{"level":"info","message":"Aplicação iniciada com sucesso. Porta:3001","timestamp":"23/07/2022 07:35:40"}
{"level":"info","message":"Process pid: 9810","timestamp":"23/07/2022 07:39:58"}
{"level":"info","message":"Banco de dados conectado com sucesso.","timestamp":"23/07/2022 07:39:58"}
{"level":"info","message":"Aplicação iniciada com sucesso. Porta:3001","timestamp":"23/07/2022 07:39:58"}
